  <ElektronickyFormular Name="DPFOAv07" Verzia="20150228094824" Menu="Správa daní/Daň z príjmov fyzickej osoby/Daňové priznanie k dani z príjmov fyzickej osoby (typ A) za zdaňovacie obdobie 2008 (platné od 1.1.2009)" Url="http://edane.financnasprava.sk/java/prod/eform/eFormSpec/form.123.zip">
  <ElektronickyFormular Name="DPFOAv09" Verzia="20150228094824" Menu="Správa daní/Daň z príjmov fyzickej osoby/Daňové priznanie k dani z príjmov fyzickej osoby (typ A) za zdaňovacie obdobie 2009 (platné od 1.1.2010)" Url="http://edane.financnasprava.sk/java/prod/eform/eFormSpec/form.137.zip">
  <ElektronickyFormular Name="DPFOAv10" Verzia="20150228094824" Menu="Správa daní/Daň z príjmov fyzickej osoby/Daňové priznanie k dani z príjmov fyzickej osoby (typ A) za zdaňovacie obdobie 2010 (platné od 1.1.2011)" Url="http://edane.financnasprava.sk/java/prod/eform/eFormSpec/form.164.zip">
  <ElektronickyFormular Name="DPFOAv11" Verzia="20150228094824" Menu="Správa daní/Daň z príjmov fyzickej osoby/Daňové priznanie k dani z príjmov fyzickej osoby (typ A) za zdaňovacie obdobie 2011 (platné od 1.1.2012)" Url="http://edane.financnasprava.sk/java/prod/eform/eFormSpec/form.165.zip">
  <ElektronickyFormular Name="DPFOAv12" Verzia="20150228094824" Menu="Správa daní/Daň z príjmov fyzickej osoby/Daňové priznanie k dani z príjmov fyzickej osoby (typ A) za zdaňovacie obdobie 2012 (platné od 1.1.2013)" Url="http://edane.financnasprava.sk/java/prod/eform/eFormSpec/form.166.zip">
  <ElektronickyFormular Name="DPFOAv13" Verzia="20150311095808" Menu="Správa daní/Daň z príjmov fyzickej osoby/Daňové priznanie k dani z príjmov fyzickej osoby (typ A) za zdaňovacie obdobie 2013 (platné od 1.1.2014)" Url="http://edane.financnasprava.sk/java/prod/eform/eFormSpec/form.237.zip">
  <ElektronickyFormular Name="DPFOAv14" Verzia="20151230112236" Menu="Správa daní/Daň z príjmov fyzickej osoby/Daňové priznanie k dani z príjmov FO (typ A) za obdobie 2014 (platné od 1.1.2015)" Url="http://edane.financnasprava.sk/java/prod/eform/eFormSpec/form.315.zip">
  <ElektronickyFormular Name="DPFOAv15" Verzia="20151107054358" Menu="Správa daní/Daň z príjmov fyzickej osoby/Daňové priznanie k dani z príjmov FO (typ A) za obdobie 2015 (platné od 1.1.2016)" Url="http://edane.financnasprava.sk/java/prod/eform/eFormSpec/form.350.zip">
  <ElektronickyFormular Name="DPFOAv16" Verzia="20180119051230" Menu="Správa daní/Daň z príjmov fyzickej osoby/Daňové priznanie k dani z príjmov FO (typ A) za obdobie 2016, 2017 (platné od 1.1.2017)" Url="http://edane.financnasprava.sk/java/prod/eform/eFormSpec/form.364.zip">
  <ElektronickyFormular Name="DPFOAv18" Verzia="20200103020548" Menu="Správa daní/Daň z príjmov fyzickej osoby/Daňové priznanie k dani z príjmov FO (typ A) za obdobie 2018, 2019 (platné od 1.1.2019)" Url="http://edane.financnasprava.sk/java/prod/eform/eFormSpec/form.415.zip">
  <ElektronickyFormular Name="DPFOAv20" Verzia="20221230174233" Menu="Správa daní/Daň z príjmov fyzickej osoby/Daňové priznanie k dani z príjmov FO (typ A) za obdobie 2020 (platné od 1.1.2021)" Url="http://edane.financnasprava.sk/java/prod/eform/eFormSpec/form.497.zip">
  <ElektronickyFormular Name="DPFOAv21" Verzia="20221230174300" Menu="Správa daní/Daň z príjmov fyzickej osoby/Daňové priznanie k dani z príjmov FO (typ A) za obdobie 2021 (platné od 1.1.2022)" Url="http://edane.financnasprava.sk/java/prod/eform/eFormSpec/form.523.zip">
  <ElektronickyFormular Name="DPFOAv22" Verzia="20230404114641" Menu="Správa daní/Daň z príjmov fyzickej osoby/Daňové priznanie k dani z príjmov FO (typ A) za obdobie 2022 (platné od 1.1.2023)" Url="http://edane.financnasprava.sk/java/prod/eform/eFormSpec/form.545.zip">
  <ElektronickyFormular Name="DPFOAv23" Verzia="20240402111801" Menu="Správa daní/Daň z príjmov fyzickej osoby/Daňové priznanie k dani z príjmov FO (typ A) za obdobie 2023 (platné od 1.1.2024)" Url="http://edane.financnasprava.sk/java/prod/eform/eFormSpec/form.571.zip">
  <ElektronickyFormular Name="DPFOAv24" Verzia="20250318114721" Menu="Správa daní/Daň z príjmov fyzickej osoby/Daňové priznanie k dani z príjmov FO (typ A) za obdobie 2024 (platné od 1.1.2025)" Url="http://edane.financnasprava.sk/java/prod/eform/eFormSpec/form.600.zip">
  <ElektronickyFormular Name="DPFOBv10" Verzia="20150228094824" Menu="Správa daní/Daň z príjmov fyzickej osoby/Daňové priznanie k dani z príjmov fyzickej osoby (typ B) za zdaňovacie obdobie 2010 (platné od 1.1.2011)" Url="http://edane.financnasprava.sk/java/prod/eform/eFormSpec/form.173.zip">
  <ElektronickyFormular Name="DPFOBv11" Verzia="20150228094824" Menu="Správa daní/Daň z príjmov fyzickej osoby/Daňové priznanie k dani z príjmov fyzickej osoby (typ B) za zdaňovacie obdobie 2011 (platné od 1.1.2012)" Url="http://edane.financnasprava.sk/java/prod/eform/eFormSpec/form.175.zip">
  <ElektronickyFormular Name="DPFOBv12" Verzia="20150228094824" Menu="Správa daní/Daň z príjmov fyzickej osoby/Daňové priznanie k dani z príjmov fyzickej osoby (typ B) za zdaňovacie obdobie 2012 (platné od 1.1.2013)" Url="http://edane.financnasprava.sk/java/prod/eform/eFormSpec/form.177.zip">
  <ElektronickyFormular Name="DPFOBv13" Verzia="20150311100428" Menu="Správa daní/Daň z príjmov fyzickej osoby/Daňové priznanie k dani z príjmov fyzickej osoby (typ B) za zdaňovacie obdobie 2013 (platné od 1.1.2014)" Url="http://edane.financnasprava.sk/java/prod/eform/eFormSpec/form.240.zip">
  <ElektronickyFormular Name="DPFOBv14" Verzia="20151230112312" Menu="Správa daní/Daň z príjmov fyzickej osoby/Daňové priznanie k dani z príjmov FO (typ B) za obdobie 2014 (platné od 1.1.2015)" Url="http://edane.financnasprava.sk/java/prod/eform/eFormSpec/form.318.zip">
  <ElektronickyFormular Name="DPFOBv15" Verzia="20151107055146" Menu="Správa daní/Daň z príjmov fyzickej osoby/Daňové priznanie k dani z príjmov FO (typ B) za obdobie 2015 (platné od 1.1.2016)" Url="http://edane.financnasprava.sk/java/prod/eform/eFormSpec/form.351.zip">
  <ElektronickyFormular Name="DPFOBv16" Verzia="20161221103911" Menu="Správa daní/Daň z príjmov fyzickej osoby/Daňové priznanie k dani z príjmov FO (typ B) za obdobie 2016 (platné od 1.1.2017)" Url="http://edane.financnasprava.sk/java/prod/eform/eFormSpec/form.362.zip">
  <ElektronickyFormular Name="DPFOBv17" Verzia="20171229041002" Menu="Správa daní/Daň z príjmov fyzickej osoby/Daňové priznanie k dani z príjmov FO (typ B) za obdobie 2017 (platné od 1.1.2018)" Url="http://edane.financnasprava.sk/java/prod/eform/eFormSpec/form.390.zip">
  <ElektronickyFormular Name="DPFOBv18" Verzia="20190102010031" Menu="Správa daní/Daň z príjmov fyzickej osoby/Daňové priznanie k dani z príjmov FO (typ B) za obdobie 2018 (platné od 1.1.2019)" Url="http://edane.financnasprava.sk/java/prod/eform/eFormSpec/form.413.zip">
  <ElektronickyFormular Name="DPFOBv19" Verzia="20191229022058" Menu="Správa daní/Daň z príjmov fyzickej osoby/Daňové priznanie k dani z príjmov FO (typ B) za obdobie 2019 (platné od 1.1.2020)" Url="http://edane.financnasprava.sk/java/prod/eform/eFormSpec/form.451.zip">
  <ElektronickyFormular Name="DPFOBv20" Verzia="20221230174358" Menu="Správa daní/Daň z príjmov fyzickej osoby/Daňové priznanie k dani z príjmov FO (typ B) za obdobie 2020 (platné od 1.1.2021)" Url="http://edane.financnasprava.sk/java/prod/eform/eFormSpec/form.495.zip">
  <ElektronickyFormular Name="DPFOBv21" Verzia="20221230174330" Menu="Správa daní/Daň z príjmov fyzickej osoby/Daňové priznanie k dani z príjmov FO (typ B) za obdobie 2021 (platné od 1.1.2022)" Url="http://edane.financnasprava.sk/java/prod/eform/eFormSpec/form.524.zip">
  <ElektronickyFormular Name="DPFOBv22" Verzia="20230404114618" Menu="Správa daní/Daň z príjmov fyzickej osoby/Daňové priznanie k dani z príjmov FO (typ B) za obdobie 2022 (platné od 1.1.2023)" Url="http://edane.financnasprava.sk/java/prod/eform/eFormSpec/form.546.zip">
  <ElektronickyFormular Name="DPFOBv23" Verzia="20250128164949" Menu="Správa daní/Daň z príjmov fyzickej osoby/Daňové priznanie k dani z príjmov FO (typ B) za obdobie 2023 (platné od 1.1.2024)" Url="http://edane.financnasprava.sk/java/prod/eform/eFormSpec/form.572.zip">
  <ElektronickyFormular Name="DPFOBv24" Verzia="20250318114740" Menu="Správa daní/Daň z príjmov fyzickej osoby/Daňové priznanie k dani z príjmov FO (typ B) za obdobie 2024 (platné od 1.1.2025)" Url="http://edane.financnasprava.sk/java/prod/eform/eFormSpec/form.601.zip">
